Total markets fetched: 500
Weather markets found: 0
No active weather markets found right now.
Total markets fetched: 500
Weather markets found: 0
No active weather markets found right now.
Total markets fetched: 500
Weather markets found: 0
No active weather markets found right now.
Total markets fetched: 500
Weather markets found: 0
No active weather markets found right now.
Total markets fetched: 500
Weather markets found: 0
No active weather markets found right now.
Total markets fetched: 500
Weather markets found: 0
No active weather markets found right now.
Total markets fetched: 500
Weather markets found: 0
No active weather markets found right now.
Total markets fetched: 500
Weather markets found: 0
No active weather markets found right now.
Total markets fetched: 500
Weather markets found: 0
No active weather markets found right now.
Total markets fetched: 500
Weather markets found: 0
No active weather markets found right now.
Total markets fetched: 500
Weather markets found: 0
No active weather markets found right now.
Total markets fetched: 500
Weather markets found: 0
No active weather markets found right now.
Total markets fetched: 500
Weather markets found: 0
No active weather markets found right now.
Total markets fetched: 500
Weather markets found: 0
No active weather markets found right now.
Total markets fetched: 500
Weather markets found: 0
No active weather markets found right now.
Total markets fetched: 500
Weather markets found: 0
No active weather markets found right now.
Total markets fetched: 500
Weather markets found: 0
No active weather markets found right now.
Total markets fetched: 500
Weather markets found: 0
No active weather markets found right now.
Total markets fetched: 500
Weather markets found: 0
No active weather markets found right now.
Total markets fetched: 500
Weather markets found: 0
No active weather markets found right now.
Total markets fetched: 500
Weather markets found: 0
No active weather markets found right now.
Total markets fetched: 500
Weather markets found: 0
No active weather markets found right now.
Total markets fetched: 500
Weather markets found: 0
No active weather markets found right now.
Total markets fetched: 500
Weather markets found: 0
No active weather markets found right now.
Total markets fetched: 500
Weather markets found: 0
No active weather markets found right now.
Total markets fetched: 500
Weather markets found: 0
No active weather markets found right now.
Total markets fetched: 500
Weather markets found: 0
No active weather markets found right now.
Network/API error: HTTPSConnectionPool(host='gamma-api.polymarket.com', port=443): Max retries exceeded with url: /markets?active=true&closed=false&limit=1000 (Caused by SSLError(SSLCertVerificationError(1, "[SSL: CERTIFICATE_VERIFY_FAILED] certificate verify failed: Hostname mismatch, certificate is not valid for 'gamma-api.polymarket.com'. (_ssl.c:1000)")))
Total markets fetched: 500
Weather markets found: 0
No active weather markets found right now.
Total markets fetched: 500
Weather markets found: 0
No active weather markets found right now.
Total markets fetched: 500
Weather markets found: 0
No active weather markets found right now.
Total markets fetched: 500
Weather markets found: 0
No active weather markets found right now.
Total markets fetched: 500
Weather markets found: 0
No active weather markets found right now.
Total markets fetched: 500
Weather markets found: 0
No active weather markets found right now.
Total markets fetched: 500
Weather markets found: 0
No active weather markets found right now.
Total markets fetched: 500
Weather markets found: 0
No active weather markets found right now.
Total markets fetched: 500
Weather markets found: 0
No active weather markets found right now.
Total markets fetched: 500
Weather markets found: 0
No active weather markets found right now.
Total markets fetched: 500
Weather markets found: 0
No active weather markets found right now.
Total markets fetched: 500
Weather markets found: 0
No active weather markets found right now.
Total markets fetched: 500
Weather markets found: 0
No active weather markets found right now.
Total markets fetched: 500
Weather markets found: 0
No active weather markets found right now.
Total markets fetched: 500
Weather markets found: 0
No active weather markets found right now.
Total markets fetched: 500
Weather markets found: 0
No active weather markets found right now.
Total markets fetched: 500
Weather markets found: 0
No active weather markets found right now.
Total markets fetched: 500
Weather markets found: 0
No active weather markets found right now.
Total markets fetched: 500
Weather markets found: 0
No active weather markets found right now.
Total markets fetched: 500
Weather markets found: 0
No active weather markets found right now.
Total markets fetched: 500
Weather markets found: 0
No active weather markets found right now.
Total markets fetched: 500
Weather markets found: 0
No active weather markets found right now.
Total markets fetched: 500
Weather markets found: 0
No active weather markets found right now.
Total markets fetched: 500
Weather markets found: 0
No active weather markets found right now.
Total markets fetched: 500
Weather markets found: 0
No active weather markets found right now.
Total markets fetched: 500
Weather markets found: 0
No active weather markets found right now.
Total markets fetched: 500
Weather markets found: 0
No active weather markets found right now.
Total markets fetched: 500
Weather markets found: 0
No active weather markets found right now.
Total markets fetched: 1000
Weather markets found: 1
================================================================================
ACTIVE WEATHER MARKETS FOUND
================================================================================
Question: Will Jonas Wind be the top goal scorer in the 2025–26 Bundesliga season?
Slug: will-jonas-wind-be-the-top-goal-scorer-in-the-202526-bundesliga-season
End date: 2026-05-28T00:00:00Z
Outcomes: ["Yes", "No"]
Outcome prices: ["0.0005", "0.9995"]
Best bid: None
Best ask: 0.001
Market ID: 577294
Condition ID: 0x720db82e6ae3132de241c4190b7f72585d5fc2f1364519e814d51f3ec29bf8c6
CLOB token IDs: ["38966153695292251303244152044268630330033580269266738868503907046849339108583", "7359117152396849276912471939244269631176254624751482772547064208568026511810"]
--------------------------------------------------------------------------------
Total markets fetched: 1000
Weather markets found: 1
================================================================================
ACTIVE WEATHER MARKETS FOUND
================================================================================
Question: Will Jonas Wind be the top goal scorer in the 2025–26 Bundesliga season?
Slug: will-jonas-wind-be-the-top-goal-scorer-in-the-202526-bundesliga-season
End date: 2026-05-28T00:00:00Z
Outcomes: ["Yes", "No"]
Outcome prices: ["0.0005", "0.9995"]
Best bid: None
Best ask: 0.001
Market ID: 577294
Condition ID: 0x720db82e6ae3132de241c4190b7f72585d5fc2f1364519e814d51f3ec29bf8c6
CLOB token IDs: ["38966153695292251303244152044268630330033580269266738868503907046849339108583", "7359117152396849276912471939244269631176254624751482772547064208568026511810"]
--------------------------------------------------------------------------------
Total markets fetched: 1000
Weather markets found: 1
================================================================================
ACTIVE WEATHER MARKETS FOUND
================================================================================
Question: Will Jonas Wind be the top goal scorer in the 2025–26 Bundesliga season?
Slug: will-jonas-wind-be-the-top-goal-scorer-in-the-202526-bundesliga-season
End date: 2026-05-28T00:00:00Z
Outcomes: ["Yes", "No"]
Outcome prices: ["0.0005", "0.9995"]
Best bid: None
Best ask: 0.001
Market ID: 577294
Condition ID: 0x720db82e6ae3132de241c4190b7f72585d5fc2f1364519e814d51f3ec29bf8c6
CLOB token IDs: ["38966153695292251303244152044268630330033580269266738868503907046849339108583", "7359117152396849276912471939244269631176254624751482772547064208568026511810"]
--------------------------------------------------------------------------------
Total markets fetched: 1000
Weather markets found: 1
================================================================================
ACTIVE WEATHER MARKETS FOUND
================================================================================
Question: Will Jonas Wind be the top goal scorer in the 2025–26 Bundesliga season?
Slug: will-jonas-wind-be-the-top-goal-scorer-in-the-202526-bundesliga-season
End date: 2026-05-28T00:00:00Z
Outcomes: ["Yes", "No"]
Outcome prices: ["0.0005", "0.9995"]
Best bid: None
Best ask: 0.001
Market ID: 577294
Condition ID: 0x720db82e6ae3132de241c4190b7f72585d5fc2f1364519e814d51f3ec29bf8c6
CLOB token IDs: ["38966153695292251303244152044268630330033580269266738868503907046849339108583", "7359117152396849276912471939244269631176254624751482772547064208568026511810"]
--------------------------------------------------------------------------------
Total markets fetched: 1000
Weather markets found: 1
================================================================================
ACTIVE WEATHER MARKETS FOUND
================================================================================
Question: Will Jonas Wind be the top goal scorer in the 2025–26 Bundesliga season?
Slug: will-jonas-wind-be-the-top-goal-scorer-in-the-202526-bundesliga-season
End date: 2026-05-28T00:00:00Z
Outcomes: ["Yes", "No"]
Outcome prices: ["0.0005", "0.9995"]
Best bid: None
Best ask: 0.001
Market ID: 577294
Condition ID: 0x720db82e6ae3132de241c4190b7f72585d5fc2f1364519e814d51f3ec29bf8c6
CLOB token IDs: ["38966153695292251303244152044268630330033580269266738868503907046849339108583", "7359117152396849276912471939244269631176254624751482772547064208568026511810"]
--------------------------------------------------------------------------------
Total markets fetched: 1000
Weather markets found: 1
================================================================================
ACTIVE WEATHER MARKETS FOUND
================================================================================
Question: Will Jonas Wind be the top goal scorer in the 2025–26 Bundesliga season?
Slug: will-jonas-wind-be-the-top-goal-scorer-in-the-202526-bundesliga-season
End date: 2026-05-28T00:00:00Z
Outcomes: ["Yes", "No"]
Outcome prices: ["0.0005", "0.9995"]
Best bid: None
Best ask: 0.001
Market ID: 577294
Condition ID: 0x720db82e6ae3132de241c4190b7f72585d5fc2f1364519e814d51f3ec29bf8c6
CLOB token IDs: ["38966153695292251303244152044268630330033580269266738868503907046849339108583", "7359117152396849276912471939244269631176254624751482772547064208568026511810"]
--------------------------------------------------------------------------------
Total markets fetched: 1000
Weather markets found: 1
================================================================================
ACTIVE WEATHER MARKETS FOUND
================================================================================
Question: Will Jonas Wind be the top goal scorer in the 2025–26 Bundesliga season?
Slug: will-jonas-wind-be-the-top-goal-scorer-in-the-202526-bundesliga-season
End date: 2026-05-28T00:00:00Z
Outcomes: ["Yes", "No"]
Outcome prices: ["0.0005", "0.9995"]
Best bid: None
Best ask: 0.001
Market ID: 577294
Condition ID: 0x720db82e6ae3132de241c4190b7f72585d5fc2f1364519e814d51f3ec29bf8c6
CLOB token IDs: ["38966153695292251303244152044268630330033580269266738868503907046849339108583", "7359117152396849276912471939244269631176254624751482772547064208568026511810"]
--------------------------------------------------------------------------------
Total markets fetched: 1000
Weather markets found: 1
================================================================================
ACTIVE WEATHER MARKETS FOUND
================================================================================
Question: Will Jonas Wind be the top goal scorer in the 2025–26 Bundesliga season?
Slug: will-jonas-wind-be-the-top-goal-scorer-in-the-202526-bundesliga-season
End date: 2026-05-28T00:00:00Z
Outcomes: ["Yes", "No"]
Outcome prices: ["0.0005", "0.9995"]
Best bid: None
Best ask: 0.001
Market ID: 577294
Condition ID: 0x720db82e6ae3132de241c4190b7f72585d5fc2f1364519e814d51f3ec29bf8c6
CLOB token IDs: ["38966153695292251303244152044268630330033580269266738868503907046849339108583", "7359117152396849276912471939244269631176254624751482772547064208568026511810"]
--------------------------------------------------------------------------------
Total markets fetched: 1000
Weather markets found: 1
================================================================================
ACTIVE WEATHER MARKETS FOUND
================================================================================
Question: Will Jonas Wind be the top goal scorer in the 2025–26 Bundesliga season?
Slug: will-jonas-wind-be-the-top-goal-scorer-in-the-202526-bundesliga-season
End date: 2026-05-28T00:00:00Z
Outcomes: ["Yes", "No"]
Outcome prices: ["0.0005", "0.9995"]
Best bid: None
Best ask: 0.001
Market ID: 577294
Condition ID: 0x720db82e6ae3132de241c4190b7f72585d5fc2f1364519e814d51f3ec29bf8c6
CLOB token IDs: ["38966153695292251303244152044268630330033580269266738868503907046849339108583", "7359117152396849276912471939244269631176254624751482772547064208568026511810"]
--------------------------------------------------------------------------------
Total markets fetched: 1000
Weather markets found: 1
================================================================================
ACTIVE WEATHER MARKETS FOUND
================================================================================
Question: Will Jonas Wind be the top goal scorer in the 2025–26 Bundesliga season?
Slug: will-jonas-wind-be-the-top-goal-scorer-in-the-202526-bundesliga-season
End date: 2026-05-28T00:00:00Z
Outcomes: ["Yes", "No"]
Outcome prices: ["0.0005", "0.9995"]
Best bid: None
Best ask: 0.001
Market ID: 577294
Condition ID: 0x720db82e6ae3132de241c4190b7f72585d5fc2f1364519e814d51f3ec29bf8c6
CLOB token IDs: ["38966153695292251303244152044268630330033580269266738868503907046849339108583", "7359117152396849276912471939244269631176254624751482772547064208568026511810"]
--------------------------------------------------------------------------------
Total markets fetched: 1000
Weather markets found: 1
================================================================================
ACTIVE WEATHER MARKETS FOUND
================================================================================
Question: Will Jonas Wind be the top goal scorer in the 2025–26 Bundesliga season?
Slug: will-jonas-wind-be-the-top-goal-scorer-in-the-202526-bundesliga-season
End date: 2026-05-28T00:00:00Z
Outcomes: ["Yes", "No"]
Outcome prices: ["0.0005", "0.9995"]
Best bid: None
Best ask: 0.001
Market ID: 577294
Condition ID: 0x720db82e6ae3132de241c4190b7f72585d5fc2f1364519e814d51f3ec29bf8c6
CLOB token IDs: ["38966153695292251303244152044268630330033580269266738868503907046849339108583", "7359117152396849276912471939244269631176254624751482772547064208568026511810"]
--------------------------------------------------------------------------------
Total markets fetched: 1000
Weather markets found: 1
================================================================================
ACTIVE WEATHER MARKETS FOUND
================================================================================
Question: Will Jonas Wind be the top goal scorer in the 2025–26 Bundesliga season?
Slug: will-jonas-wind-be-the-top-goal-scorer-in-the-202526-bundesliga-season
End date: 2026-05-28T00:00:00Z
Outcomes: ["Yes", "No"]
Outcome prices: ["0.0005", "0.9995"]
Best bid: None
Best ask: 0.001
Market ID: 577294
Condition ID: 0x720db82e6ae3132de241c4190b7f72585d5fc2f1364519e814d51f3ec29bf8c6
CLOB token IDs: ["38966153695292251303244152044268630330033580269266738868503907046849339108583", "7359117152396849276912471939244269631176254624751482772547064208568026511810"]
--------------------------------------------------------------------------------
Network/API error: HTTPSConnectionPool(host='gamma-api.polymarket.com', port=443): Max retries exceeded with url: /markets?active=true&closed=false&limit=1000 (Caused by NameResolutionError("HTTPSConnection(host='gamma-api.polymarket.com', port=443): Failed to resolve 'gamma-api.polymarket.com' ([Errno -3] Temporary failure in name resolution)"))
Total markets fetched: 1000
Weather markets found: 1
================================================================================
ACTIVE WEATHER MARKETS FOUND
================================================================================
Question: Will Jonas Wind be the top goal scorer in the 2025–26 Bundesliga season?
Slug: will-jonas-wind-be-the-top-goal-scorer-in-the-202526-bundesliga-season
End date: 2026-05-28T00:00:00Z
Outcomes: ["Yes", "No"]
Outcome prices: ["0.0005", "0.9995"]
Best bid: None
Best ask: 0.001
Market ID: 577294
Condition ID: 0x720db82e6ae3132de241c4190b7f72585d5fc2f1364519e814d51f3ec29bf8c6
CLOB token IDs: ["38966153695292251303244152044268630330033580269266738868503907046849339108583", "7359117152396849276912471939244269631176254624751482772547064208568026511810"]
--------------------------------------------------------------------------------
Total markets fetched: 1000
Weather markets found: 1
================================================================================
ACTIVE WEATHER MARKETS FOUND
================================================================================
Question: Will Jonas Wind be the top goal scorer in the 2025–26 Bundesliga season?
Slug: will-jonas-wind-be-the-top-goal-scorer-in-the-202526-bundesliga-season
End date: 2026-05-28T00:00:00Z
Outcomes: ["Yes", "No"]
Outcome prices: ["0.0005", "0.9995"]
Best bid: None
Best ask: 0.001
Market ID: 577294
Condition ID: 0x720db82e6ae3132de241c4190b7f72585d5fc2f1364519e814d51f3ec29bf8c6
CLOB token IDs: ["38966153695292251303244152044268630330033580269266738868503907046849339108583", "7359117152396849276912471939244269631176254624751482772547064208568026511810"]
--------------------------------------------------------------------------------
Total markets fetched: 1000
Weather markets found: 1
================================================================================
ACTIVE WEATHER MARKETS FOUND
================================================================================
Question: Will Jonas Wind be the top goal scorer in the 2025–26 Bundesliga season?
Slug: will-jonas-wind-be-the-top-goal-scorer-in-the-202526-bundesliga-season
End date: 2026-05-28T00:00:00Z
Outcomes: ["Yes", "No"]
Outcome prices: ["0.0005", "0.9995"]
Best bid: None
Best ask: 0.001
Market ID: 577294
Condition ID: 0x720db82e6ae3132de241c4190b7f72585d5fc2f1364519e814d51f3ec29bf8c6
CLOB token IDs: ["38966153695292251303244152044268630330033580269266738868503907046849339108583", "7359117152396849276912471939244269631176254624751482772547064208568026511810"]
--------------------------------------------------------------------------------
Total markets fetched: 1000
Weather markets found: 1
================================================================================
ACTIVE WEATHER MARKETS FOUND
================================================================================
Question: Will Jonas Wind be the top goal scorer in the 2025–26 Bundesliga season?
Slug: will-jonas-wind-be-the-top-goal-scorer-in-the-202526-bundesliga-season
End date: 2026-05-28T00:00:00Z
Outcomes: ["Yes", "No"]
Outcome prices: ["0.0015", "0.9985"]
Best bid: 0.001
Best ask: 0.002
Market ID: 577294
Condition ID: 0x720db82e6ae3132de241c4190b7f72585d5fc2f1364519e814d51f3ec29bf8c6
CLOB token IDs: ["38966153695292251303244152044268630330033580269266738868503907046849339108583", "7359117152396849276912471939244269631176254624751482772547064208568026511810"]
--------------------------------------------------------------------------------
Total markets fetched: 1000
Weather markets found: 1
================================================================================
ACTIVE WEATHER MARKETS FOUND
================================================================================
Question: Will Jonas Wind be the top goal scorer in the 2025–26 Bundesliga season?
Slug: will-jonas-wind-be-the-top-goal-scorer-in-the-202526-bundesliga-season
End date: 2026-05-28T00:00:00Z
Outcomes: ["Yes", "No"]
Outcome prices: ["0.0015", "0.9985"]
Best bid: 0.001
Best ask: 0.002
Market ID: 577294
Condition ID: 0x720db82e6ae3132de241c4190b7f72585d5fc2f1364519e814d51f3ec29bf8c6
CLOB token IDs: ["38966153695292251303244152044268630330033580269266738868503907046849339108583", "7359117152396849276912471939244269631176254624751482772547064208568026511810"]
--------------------------------------------------------------------------------
Total markets fetched: 1000
Weather markets found: 1
================================================================================
ACTIVE WEATHER MARKETS FOUND
================================================================================
Question: Will Jonas Wind be the top goal scorer in the 2025–26 Bundesliga season?
Slug: will-jonas-wind-be-the-top-goal-scorer-in-the-202526-bundesliga-season
End date: 2026-05-28T00:00:00Z
Outcomes: ["Yes", "No"]
Outcome prices: ["0.0015", "0.9985"]
Best bid: 0.001
Best ask: 0.002
Market ID: 577294
Condition ID: 0x720db82e6ae3132de241c4190b7f72585d5fc2f1364519e814d51f3ec29bf8c6
CLOB token IDs: ["38966153695292251303244152044268630330033580269266738868503907046849339108583", "7359117152396849276912471939244269631176254624751482772547064208568026511810"]
--------------------------------------------------------------------------------
Total markets fetched: 1000
Weather markets found: 1
================================================================================
ACTIVE WEATHER MARKETS FOUND
================================================================================
Question: Will Jonas Wind be the top goal scorer in the 2025–26 Bundesliga season?
Slug: will-jonas-wind-be-the-top-goal-scorer-in-the-202526-bundesliga-season
End date: 2026-05-28T00:00:00Z
Outcomes: ["Yes", "No"]
Outcome prices: ["0.0015", "0.9985"]
Best bid: 0.001
Best ask: 0.002
Market ID: 577294
Condition ID: 0x720db82e6ae3132de241c4190b7f72585d5fc2f1364519e814d51f3ec29bf8c6
CLOB token IDs: ["38966153695292251303244152044268630330033580269266738868503907046849339108583", "7359117152396849276912471939244269631176254624751482772547064208568026511810"]
--------------------------------------------------------------------------------
Total markets fetched: 1000
Weather markets found: 1
================================================================================
ACTIVE WEATHER MARKETS FOUND
================================================================================
Question: Will Jonas Wind be the top goal scorer in the 2025–26 Bundesliga season?
Slug: will-jonas-wind-be-the-top-goal-scorer-in-the-202526-bundesliga-season
End date: 2026-05-28T00:00:00Z
Outcomes: ["Yes", "No"]
Outcome prices: ["0.0015", "0.9985"]
Best bid: 0.001
Best ask: 0.002
Market ID: 577294
Condition ID: 0x720db82e6ae3132de241c4190b7f72585d5fc2f1364519e814d51f3ec29bf8c6
CLOB token IDs: ["38966153695292251303244152044268630330033580269266738868503907046849339108583", "7359117152396849276912471939244269631176254624751482772547064208568026511810"]
--------------------------------------------------------------------------------
Total markets fetched: 1000
Weather markets found: 1
================================================================================
ACTIVE WEATHER MARKETS FOUND
================================================================================
Question: Will Jonas Wind be the top goal scorer in the 2025–26 Bundesliga season?
Slug: will-jonas-wind-be-the-top-goal-scorer-in-the-202526-bundesliga-season
End date: 2026-05-28T00:00:00Z
Outcomes: ["Yes", "No"]
Outcome prices: ["0.0015", "0.9985"]
Best bid: 0.001
Best ask: 0.002
Market ID: 577294
Condition ID: 0x720db82e6ae3132de241c4190b7f72585d5fc2f1364519e814d51f3ec29bf8c6
CLOB token IDs: ["38966153695292251303244152044268630330033580269266738868503907046849339108583", "7359117152396849276912471939244269631176254624751482772547064208568026511810"]
--------------------------------------------------------------------------------
Total markets fetched: 1000
Weather markets found: 1
================================================================================
ACTIVE WEATHER MARKETS FOUND
================================================================================
Question: Will Jonas Wind be the top goal scorer in the 2025–26 Bundesliga season?
Slug: will-jonas-wind-be-the-top-goal-scorer-in-the-202526-bundesliga-season
End date: 2026-05-28T00:00:00Z
Outcomes: ["Yes", "No"]
Outcome prices: ["0.0015", "0.9985"]
Best bid: 0.001
Best ask: 0.002
Market ID: 577294
Condition ID: 0x720db82e6ae3132de241c4190b7f72585d5fc2f1364519e814d51f3ec29bf8c6
CLOB token IDs: ["38966153695292251303244152044268630330033580269266738868503907046849339108583", "7359117152396849276912471939244269631176254624751482772547064208568026511810"]
--------------------------------------------------------------------------------
Total markets fetched: 1000
Weather markets found: 1
================================================================================
ACTIVE WEATHER MARKETS FOUND
================================================================================
Question: Will Jonas Wind be the top goal scorer in the 2025–26 Bundesliga season?
Slug: will-jonas-wind-be-the-top-goal-scorer-in-the-202526-bundesliga-season
End date: 2026-05-28T00:00:00Z
Outcomes: ["Yes", "No"]
Outcome prices: ["0.0015", "0.9985"]
Best bid: 0.001
Best ask: 0.002
Market ID: 577294
Condition ID: 0x720db82e6ae3132de241c4190b7f72585d5fc2f1364519e814d51f3ec29bf8c6
CLOB token IDs: ["38966153695292251303244152044268630330033580269266738868503907046849339108583", "7359117152396849276912471939244269631176254624751482772547064208568026511810"]
--------------------------------------------------------------------------------
Total markets fetched: 1000
Weather markets found: 1
================================================================================
ACTIVE WEATHER MARKETS FOUND
================================================================================
Question: Will Jonas Wind be the top goal scorer in the 2025–26 Bundesliga season?
Slug: will-jonas-wind-be-the-top-goal-scorer-in-the-202526-bundesliga-season
End date: 2026-05-28T00:00:00Z
Outcomes: ["Yes", "No"]
Outcome prices: ["0.0015", "0.9985"]
Best bid: 0.001
Best ask: 0.002
Market ID: 577294
Condition ID: 0x720db82e6ae3132de241c4190b7f72585d5fc2f1364519e814d51f3ec29bf8c6
CLOB token IDs: ["38966153695292251303244152044268630330033580269266738868503907046849339108583", "7359117152396849276912471939244269631176254624751482772547064208568026511810"]
--------------------------------------------------------------------------------
Total markets fetched: 1000
Weather markets found: 1
================================================================================
ACTIVE WEATHER MARKETS FOUND
================================================================================
Question: Will Jonas Wind be the top goal scorer in the 2025–26 Bundesliga season?
Slug: will-jonas-wind-be-the-top-goal-scorer-in-the-202526-bundesliga-season
End date: 2026-05-28T00:00:00Z
Outcomes: ["Yes", "No"]
Outcome prices: ["0.0015", "0.9985"]
Best bid: 0.001
Best ask: 0.002
Market ID: 577294
Condition ID: 0x720db82e6ae3132de241c4190b7f72585d5fc2f1364519e814d51f3ec29bf8c6
CLOB token IDs: ["38966153695292251303244152044268630330033580269266738868503907046849339108583", "7359117152396849276912471939244269631176254624751482772547064208568026511810"]
--------------------------------------------------------------------------------
Total markets fetched: 1000
Weather markets found: 1
================================================================================
ACTIVE WEATHER MARKETS FOUND
================================================================================
Question: Will Jonas Wind be the top goal scorer in the 2025–26 Bundesliga season?
Slug: will-jonas-wind-be-the-top-goal-scorer-in-the-202526-bundesliga-season
End date: 2026-05-28T00:00:00Z
Outcomes: ["Yes", "No"]
Outcome prices: ["0.0015", "0.9985"]
Best bid: 0.001
Best ask: 0.002
Market ID: 577294
Condition ID: 0x720db82e6ae3132de241c4190b7f72585d5fc2f1364519e814d51f3ec29bf8c6
CLOB token IDs: ["38966153695292251303244152044268630330033580269266738868503907046849339108583", "7359117152396849276912471939244269631176254624751482772547064208568026511810"]
--------------------------------------------------------------------------------
Total markets fetched: 1000
Weather markets found: 1
================================================================================
ACTIVE WEATHER MARKETS FOUND
================================================================================
Question: Will Jonas Wind be the top goal scorer in the 2025–26 Bundesliga season?
Slug: will-jonas-wind-be-the-top-goal-scorer-in-the-202526-bundesliga-season
End date: 2026-05-28T00:00:00Z
Outcomes: ["Yes", "No"]
Outcome prices: ["0.0015", "0.9985"]
Best bid: 0.001
Best ask: 0.002
Market ID: 577294
Condition ID: 0x720db82e6ae3132de241c4190b7f72585d5fc2f1364519e814d51f3ec29bf8c6
CLOB token IDs: ["38966153695292251303244152044268630330033580269266738868503907046849339108583", "7359117152396849276912471939244269631176254624751482772547064208568026511810"]
--------------------------------------------------------------------------------
Total markets fetched: 1000
Weather markets found: 1
================================================================================
ACTIVE WEATHER MARKETS FOUND
================================================================================
Question: Will Jonas Wind be the top goal scorer in the 2025–26 Bundesliga season?
Slug: will-jonas-wind-be-the-top-goal-scorer-in-the-202526-bundesliga-season
End date: 2026-05-28T00:00:00Z
Outcomes: ["Yes", "No"]
Outcome prices: ["0.0015", "0.9985"]
Best bid: 0.001
Best ask: 0.002
Market ID: 577294
Condition ID: 0x720db82e6ae3132de241c4190b7f72585d5fc2f1364519e814d51f3ec29bf8c6
CLOB token IDs: ["38966153695292251303244152044268630330033580269266738868503907046849339108583", "7359117152396849276912471939244269631176254624751482772547064208568026511810"]
--------------------------------------------------------------------------------
Total markets fetched: 1000
Weather markets found: 1
================================================================================
ACTIVE WEATHER MARKETS FOUND
================================================================================
Question: Will Jonas Wind be the top goal scorer in the 2025–26 Bundesliga season?
Slug: will-jonas-wind-be-the-top-goal-scorer-in-the-202526-bundesliga-season
End date: 2026-05-28T00:00:00Z
Outcomes: ["Yes", "No"]
Outcome prices: ["0.0015", "0.9985"]
Best bid: 0.001
Best ask: 0.002
Market ID: 577294
Condition ID: 0x720db82e6ae3132de241c4190b7f72585d5fc2f1364519e814d51f3ec29bf8c6
CLOB token IDs: ["38966153695292251303244152044268630330033580269266738868503907046849339108583", "7359117152396849276912471939244269631176254624751482772547064208568026511810"]
--------------------------------------------------------------------------------
Total markets fetched: 1000
Weather markets found: 1
================================================================================
ACTIVE WEATHER MARKETS FOUND
================================================================================
Question: Will Jonas Wind be the top goal scorer in the 2025–26 Bundesliga season?
Slug: will-jonas-wind-be-the-top-goal-scorer-in-the-202526-bundesliga-season
End date: 2026-05-28T00:00:00Z
Outcomes: ["Yes", "No"]
Outcome prices: ["0.0015", "0.9985"]
Best bid: 0.001
Best ask: 0.002
Market ID: 577294
Condition ID: 0x720db82e6ae3132de241c4190b7f72585d5fc2f1364519e814d51f3ec29bf8c6
CLOB token IDs: ["38966153695292251303244152044268630330033580269266738868503907046849339108583", "7359117152396849276912471939244269631176254624751482772547064208568026511810"]
--------------------------------------------------------------------------------
Total markets fetched: 1000
Weather markets found: 1
================================================================================
ACTIVE WEATHER MARKETS FOUND
================================================================================
Question: Will Jonas Wind be the top goal scorer in the 2025–26 Bundesliga season?
Slug: will-jonas-wind-be-the-top-goal-scorer-in-the-202526-bundesliga-season
End date: 2026-05-28T00:00:00Z
Outcomes: ["Yes", "No"]
Outcome prices: ["0.0015", "0.9985"]
Best bid: 0.001
Best ask: 0.002
Market ID: 577294
Condition ID: 0x720db82e6ae3132de241c4190b7f72585d5fc2f1364519e814d51f3ec29bf8c6
CLOB token IDs: ["38966153695292251303244152044268630330033580269266738868503907046849339108583", "7359117152396849276912471939244269631176254624751482772547064208568026511810"]
--------------------------------------------------------------------------------
Total markets fetched: 1000
Weather markets found: 1
================================================================================
ACTIVE WEATHER MARKETS FOUND
================================================================================
Question: Will Jonas Wind be the top goal scorer in the 2025–26 Bundesliga season?
Slug: will-jonas-wind-be-the-top-goal-scorer-in-the-202526-bundesliga-season
End date: 2026-05-28T00:00:00Z
Outcomes: ["Yes", "No"]
Outcome prices: ["0.0005", "0.9995"]
Best bid: None
Best ask: 0.001
Market ID: 577294
Condition ID: 0x720db82e6ae3132de241c4190b7f72585d5fc2f1364519e814d51f3ec29bf8c6
CLOB token IDs: ["38966153695292251303244152044268630330033580269266738868503907046849339108583", "7359117152396849276912471939244269631176254624751482772547064208568026511810"]
--------------------------------------------------------------------------------
Total markets fetched: 1000
Weather markets found: 1
================================================================================
ACTIVE WEATHER MARKETS FOUND
================================================================================
Question: Will Jonas Wind be the top goal scorer in the 2025–26 Bundesliga season?
Slug: will-jonas-wind-be-the-top-goal-scorer-in-the-202526-bundesliga-season
End date: 2026-05-28T00:00:00Z
Outcomes: ["Yes", "No"]
Outcome prices: ["0.0005", "0.9995"]
Best bid: None
Best ask: 0.001
Market ID: 577294
Condition ID: 0x720db82e6ae3132de241c4190b7f72585d5fc2f1364519e814d51f3ec29bf8c6
CLOB token IDs: ["38966153695292251303244152044268630330033580269266738868503907046849339108583", "7359117152396849276912471939244269631176254624751482772547064208568026511810"]
--------------------------------------------------------------------------------
Total markets fetched: 1000
Weather markets found: 1
================================================================================
ACTIVE WEATHER MARKETS FOUND
================================================================================
Question: Will Jonas Wind be the top goal scorer in the 2025–26 Bundesliga season?
Slug: will-jonas-wind-be-the-top-goal-scorer-in-the-202526-bundesliga-season
End date: 2026-05-28T00:00:00Z
Outcomes: ["Yes", "No"]
Outcome prices: ["0.0005", "0.9995"]
Best bid: None
Best ask: 0.001
Market ID: 577294
Condition ID: 0x720db82e6ae3132de241c4190b7f72585d5fc2f1364519e814d51f3ec29bf8c6
CLOB token IDs: ["38966153695292251303244152044268630330033580269266738868503907046849339108583", "7359117152396849276912471939244269631176254624751482772547064208568026511810"]
--------------------------------------------------------------------------------
Total markets fetched: 1000
Weather markets found: 1
================================================================================
ACTIVE WEATHER MARKETS FOUND
================================================================================
Question: Will Jonas Wind be the top goal scorer in the 2025–26 Bundesliga season?
Slug: will-jonas-wind-be-the-top-goal-scorer-in-the-202526-bundesliga-season
End date: 2026-05-28T00:00:00Z
Outcomes: ["Yes", "No"]
Outcome prices: ["0.0005", "0.9995"]
Best bid: None
Best ask: 0.001
Market ID: 577294
Condition ID: 0x720db82e6ae3132de241c4190b7f72585d5fc2f1364519e814d51f3ec29bf8c6
CLOB token IDs: ["38966153695292251303244152044268630330033580269266738868503907046849339108583", "7359117152396849276912471939244269631176254624751482772547064208568026511810"]
--------------------------------------------------------------------------------
Total markets fetched: 1000
Weather markets found: 1
================================================================================
ACTIVE WEATHER MARKETS FOUND
================================================================================
Question: Will Jonas Wind be the top goal scorer in the 2025–26 Bundesliga season?
Slug: will-jonas-wind-be-the-top-goal-scorer-in-the-202526-bundesliga-season
End date: 2026-05-28T00:00:00Z
Outcomes: ["Yes", "No"]
Outcome prices: ["0.0005", "0.9995"]
Best bid: None
Best ask: 0.001
Market ID: 577294
Condition ID: 0x720db82e6ae3132de241c4190b7f72585d5fc2f1364519e814d51f3ec29bf8c6
CLOB token IDs: ["38966153695292251303244152044268630330033580269266738868503907046849339108583", "7359117152396849276912471939244269631176254624751482772547064208568026511810"]
--------------------------------------------------------------------------------
Total markets fetched: 1000
Weather markets found: 1
================================================================================
ACTIVE WEATHER MARKETS FOUND
================================================================================
Question: Will Jonas Wind be the top goal scorer in the 2025–26 Bundesliga season?
Slug: will-jonas-wind-be-the-top-goal-scorer-in-the-202526-bundesliga-season
End date: 2026-05-28T00:00:00Z
Outcomes: ["Yes", "No"]
Outcome prices: ["0.0005", "0.9995"]
Best bid: None
Best ask: 0.001
Market ID: 577294
Condition ID: 0x720db82e6ae3132de241c4190b7f72585d5fc2f1364519e814d51f3ec29bf8c6
CLOB token IDs: ["38966153695292251303244152044268630330033580269266738868503907046849339108583", "7359117152396849276912471939244269631176254624751482772547064208568026511810"]
--------------------------------------------------------------------------------
Total markets fetched: 1000
Weather markets found: 1
================================================================================
ACTIVE WEATHER MARKETS FOUND
================================================================================
Question: Will Jonas Wind be the top goal scorer in the 2025–26 Bundesliga season?
Slug: will-jonas-wind-be-the-top-goal-scorer-in-the-202526-bundesliga-season
End date: 2026-05-28T00:00:00Z
Outcomes: ["Yes", "No"]
Outcome prices: ["0.0005", "0.9995"]
Best bid: None
Best ask: 0.001
Market ID: 577294
Condition ID: 0x720db82e6ae3132de241c4190b7f72585d5fc2f1364519e814d51f3ec29bf8c6
CLOB token IDs: ["38966153695292251303244152044268630330033580269266738868503907046849339108583", "7359117152396849276912471939244269631176254624751482772547064208568026511810"]
--------------------------------------------------------------------------------
Total markets fetched: 1000
Weather markets found: 1
================================================================================
ACTIVE WEATHER MARKETS FOUND
================================================================================
Question: Will Jonas Wind be the top goal scorer in the 2025–26 Bundesliga season?
Slug: will-jonas-wind-be-the-top-goal-scorer-in-the-202526-bundesliga-season
End date: 2026-05-28T00:00:00Z
Outcomes: ["Yes", "No"]
Outcome prices: ["0.0005", "0.9995"]
Best bid: None
Best ask: 0.001
Market ID: 577294
Condition ID: 0x720db82e6ae3132de241c4190b7f72585d5fc2f1364519e814d51f3ec29bf8c6
CLOB token IDs: ["38966153695292251303244152044268630330033580269266738868503907046849339108583", "7359117152396849276912471939244269631176254624751482772547064208568026511810"]
--------------------------------------------------------------------------------
Total markets fetched: 1000
Weather markets found: 1
================================================================================
ACTIVE WEATHER MARKETS FOUND
================================================================================
Question: Will Jonas Wind be the top goal scorer in the 2025–26 Bundesliga season?
Slug: will-jonas-wind-be-the-top-goal-scorer-in-the-202526-bundesliga-season
End date: 2026-05-28T00:00:00Z
Outcomes: ["Yes", "No"]
Outcome prices: ["0.0005", "0.9995"]
Best bid: None
Best ask: 0.001
Market ID: 577294
Condition ID: 0x720db82e6ae3132de241c4190b7f72585d5fc2f1364519e814d51f3ec29bf8c6
CLOB token IDs: ["38966153695292251303244152044268630330033580269266738868503907046849339108583", "7359117152396849276912471939244269631176254624751482772547064208568026511810"]
--------------------------------------------------------------------------------
Network/API error: HTTPSConnectionPool(host='gamma-api.polymarket.com', port=443): Read timed out.
Total markets fetched: 1000
Weather markets found: 1
================================================================================
ACTIVE WEATHER MARKETS FOUND
================================================================================
Question: Will Jonas Wind be the top goal scorer in the 2025–26 Bundesliga season?
Slug: will-jonas-wind-be-the-top-goal-scorer-in-the-202526-bundesliga-season
End date: 2026-05-28T00:00:00Z
Outcomes: ["Yes", "No"]
Outcome prices: ["0.0005", "0.9995"]
Best bid: None
Best ask: 0.001
Market ID: 577294
Condition ID: 0x720db82e6ae3132de241c4190b7f72585d5fc2f1364519e814d51f3ec29bf8c6
CLOB token IDs: ["38966153695292251303244152044268630330033580269266738868503907046849339108583", "7359117152396849276912471939244269631176254624751482772547064208568026511810"]
--------------------------------------------------------------------------------
Network/API error: HTTPSConnectionPool(host='gamma-api.polymarket.com', port=443): Max retries exceeded with url: /markets?active=true&closed=false&limit=1000 (Caused by SSLError(SSLEOFError(8, 'EOF occurred in violation of protocol (_ssl.c:2406)')))
Total markets fetched: 1000
Weather markets found: 1
================================================================================
ACTIVE WEATHER MARKETS FOUND
================================================================================
Question: Will Jonas Wind be the top goal scorer in the 2025–26 Bundesliga season?
Slug: will-jonas-wind-be-the-top-goal-scorer-in-the-202526-bundesliga-season
End date: 2026-05-28T00:00:00Z
Outcomes: ["Yes", "No"]
Outcome prices: ["0.0005", "0.9995"]
Best bid: None
Best ask: 0.001
Market ID: 577294
Condition ID: 0x720db82e6ae3132de241c4190b7f72585d5fc2f1364519e814d51f3ec29bf8c6
CLOB token IDs: ["38966153695292251303244152044268630330033580269266738868503907046849339108583", "7359117152396849276912471939244269631176254624751482772547064208568026511810"]
--------------------------------------------------------------------------------
Total markets fetched: 1000
Weather markets found: 1
================================================================================
ACTIVE WEATHER MARKETS FOUND
================================================================================
Question: Will Jonas Wind be the top goal scorer in the 2025–26 Bundesliga season?
Slug: will-jonas-wind-be-the-top-goal-scorer-in-the-202526-bundesliga-season
End date: 2026-05-28T00:00:00Z
Outcomes: ["Yes", "No"]
Outcome prices: ["0.0005", "0.9995"]
Best bid: None
Best ask: 0.001
Market ID: 577294
Condition ID: 0x720db82e6ae3132de241c4190b7f72585d5fc2f1364519e814d51f3ec29bf8c6
CLOB token IDs: ["38966153695292251303244152044268630330033580269266738868503907046849339108583", "7359117152396849276912471939244269631176254624751482772547064208568026511810"]
--------------------------------------------------------------------------------
Total markets fetched: 1000
Weather markets found: 1
================================================================================
ACTIVE WEATHER MARKETS FOUND
================================================================================
Question: Will Jonas Wind be the top goal scorer in the 2025–26 Bundesliga season?
Slug: will-jonas-wind-be-the-top-goal-scorer-in-the-202526-bundesliga-season
End date: 2026-05-28T00:00:00Z
Outcomes: ["Yes", "No"]
Outcome prices: ["0.0005", "0.9995"]
Best bid: None
Best ask: 0.001
Market ID: 577294
Condition ID: 0x720db82e6ae3132de241c4190b7f72585d5fc2f1364519e814d51f3ec29bf8c6
CLOB token IDs: ["38966153695292251303244152044268630330033580269266738868503907046849339108583", "7359117152396849276912471939244269631176254624751482772547064208568026511810"]
--------------------------------------------------------------------------------
Total markets fetched: 1000
Weather markets found: 1
================================================================================
ACTIVE WEATHER MARKETS FOUND
================================================================================
Question: Will Jonas Wind be the top goal scorer in the 2025–26 Bundesliga season?
Slug: will-jonas-wind-be-the-top-goal-scorer-in-the-202526-bundesliga-season
End date: 2026-05-28T00:00:00Z
Outcomes: ["Yes", "No"]
Outcome prices: ["0.0005", "0.9995"]
Best bid: None
Best ask: 0.001
Market ID: 577294
Condition ID: 0x720db82e6ae3132de241c4190b7f72585d5fc2f1364519e814d51f3ec29bf8c6
CLOB token IDs: ["38966153695292251303244152044268630330033580269266738868503907046849339108583", "7359117152396849276912471939244269631176254624751482772547064208568026511810"]
--------------------------------------------------------------------------------
Total markets fetched: 1000
Weather markets found: 1
================================================================================
ACTIVE WEATHER MARKETS FOUND
================================================================================
Question: Will Jonas Wind be the top goal scorer in the 2025–26 Bundesliga season?
Slug: will-jonas-wind-be-the-top-goal-scorer-in-the-202526-bundesliga-season
End date: 2026-05-28T00:00:00Z
Outcomes: ["Yes", "No"]
Outcome prices: ["0.0005", "0.9995"]
Best bid: None
Best ask: 0.001
Market ID: 577294
Condition ID: 0x720db82e6ae3132de241c4190b7f72585d5fc2f1364519e814d51f3ec29bf8c6
CLOB token IDs: ["38966153695292251303244152044268630330033580269266738868503907046849339108583", "7359117152396849276912471939244269631176254624751482772547064208568026511810"]
--------------------------------------------------------------------------------
Total markets fetched: 1000
Weather markets found: 1
================================================================================
ACTIVE WEATHER MARKETS FOUND
================================================================================
Question: Will Jonas Wind be the top goal scorer in the 2025–26 Bundesliga season?
Slug: will-jonas-wind-be-the-top-goal-scorer-in-the-202526-bundesliga-season
End date: 2026-05-28T00:00:00Z
Outcomes: ["Yes", "No"]
Outcome prices: ["0.0005", "0.9995"]
Best bid: None
Best ask: 0.001
Market ID: 577294
Condition ID: 0x720db82e6ae3132de241c4190b7f72585d5fc2f1364519e814d51f3ec29bf8c6
CLOB token IDs: ["38966153695292251303244152044268630330033580269266738868503907046849339108583", "7359117152396849276912471939244269631176254624751482772547064208568026511810"]
--------------------------------------------------------------------------------
Total markets fetched: 1000
Weather markets found: 1
================================================================================
ACTIVE WEATHER MARKETS FOUND
================================================================================
Question: Will Jonas Wind be the top goal scorer in the 2025–26 Bundesliga season?
Slug: will-jonas-wind-be-the-top-goal-scorer-in-the-202526-bundesliga-season
End date: 2026-05-28T00:00:00Z
Outcomes: ["Yes", "No"]
Outcome prices: ["0.0005", "0.9995"]
Best bid: None
Best ask: 0.001
Market ID: 577294
Condition ID: 0x720db82e6ae3132de241c4190b7f72585d5fc2f1364519e814d51f3ec29bf8c6
CLOB token IDs: ["38966153695292251303244152044268630330033580269266738868503907046849339108583", "7359117152396849276912471939244269631176254624751482772547064208568026511810"]
--------------------------------------------------------------------------------
Total markets fetched: 1000
Weather markets found: 1
================================================================================
ACTIVE WEATHER MARKETS FOUND
================================================================================
Question: Will Jonas Wind be the top goal scorer in the 2025–26 Bundesliga season?
Slug: will-jonas-wind-be-the-top-goal-scorer-in-the-202526-bundesliga-season
End date: 2026-05-28T00:00:00Z
Outcomes: ["Yes", "No"]
Outcome prices: ["0.001", "0.999"]
Best bid: None
Best ask: 0.002
Market ID: 577294
Condition ID: 0x720db82e6ae3132de241c4190b7f72585d5fc2f1364519e814d51f3ec29bf8c6
CLOB token IDs: ["38966153695292251303244152044268630330033580269266738868503907046849339108583", "7359117152396849276912471939244269631176254624751482772547064208568026511810"]
--------------------------------------------------------------------------------
Total markets fetched: 1000
Weather markets found: 1
================================================================================
ACTIVE WEATHER MARKETS FOUND
================================================================================
Question: Will Jonas Wind be the top goal scorer in the 2025–26 Bundesliga season?
Slug: will-jonas-wind-be-the-top-goal-scorer-in-the-202526-bundesliga-season
End date: 2026-05-28T00:00:00Z
Outcomes: ["Yes", "No"]
Outcome prices: ["0.004", "0.996"]
Best bid: None
Best ask: 0.008
Market ID: 577294
Condition ID: 0x720db82e6ae3132de241c4190b7f72585d5fc2f1364519e814d51f3ec29bf8c6
CLOB token IDs: ["38966153695292251303244152044268630330033580269266738868503907046849339108583", "7359117152396849276912471939244269631176254624751482772547064208568026511810"]
--------------------------------------------------------------------------------
Network/API error: HTTPSConnectionPool(host='gamma-api.polymarket.com', port=443): Max retries exceeded with url: /markets?active=true&closed=false&limit=1000 (Caused by NameResolutionError("HTTPSConnection(host='gamma-api.polymarket.com', port=443): Failed to resolve 'gamma-api.polymarket.com' ([Errno -3] Temporary failure in name resolution)"))
Total markets fetched: 1000
Weather markets found: 1
================================================================================
ACTIVE WEATHER MARKETS FOUND
================================================================================
Question: Will Jonas Wind be the top goal scorer in the 2025–26 Bundesliga season?
Slug: will-jonas-wind-be-the-top-goal-scorer-in-the-202526-bundesliga-season
End date: 2026-05-28T00:00:00Z
Outcomes: ["Yes", "No"]
Outcome prices: ["0.0005", "0.9995"]
Best bid: None
Best ask: 0.001
Market ID: 577294
Condition ID: 0x720db82e6ae3132de241c4190b7f72585d5fc2f1364519e814d51f3ec29bf8c6
CLOB token IDs: ["38966153695292251303244152044268630330033580269266738868503907046849339108583", "7359117152396849276912471939244269631176254624751482772547064208568026511810"]
--------------------------------------------------------------------------------
Total markets fetched: 1000
Weather markets found: 1
================================================================================
ACTIVE WEATHER MARKETS FOUND
================================================================================
Question: Will Jonas Wind be the top goal scorer in the 2025–26 Bundesliga season?
Slug: will-jonas-wind-be-the-top-goal-scorer-in-the-202526-bundesliga-season
End date: 2026-05-28T00:00:00Z
Outcomes: ["Yes", "No"]
Outcome prices: ["0.0005", "0.9995"]
Best bid: None
Best ask: 0.001
Market ID: 577294
Condition ID: 0x720db82e6ae3132de241c4190b7f72585d5fc2f1364519e814d51f3ec29bf8c6
CLOB token IDs: ["38966153695292251303244152044268630330033580269266738868503907046849339108583", "7359117152396849276912471939244269631176254624751482772547064208568026511810"]
--------------------------------------------------------------------------------
Total markets fetched: 1000
Weather markets found: 1
================================================================================
ACTIVE WEATHER MARKETS FOUND
================================================================================
Question: Will Jonas Wind be the top goal scorer in the 2025–26 Bundesliga season?
Slug: will-jonas-wind-be-the-top-goal-scorer-in-the-202526-bundesliga-season
End date: 2026-05-28T00:00:00Z
Outcomes: ["Yes", "No"]
Outcome prices: ["0.0005", "0.9995"]
Best bid: None
Best ask: 0.001
Market ID: 577294
Condition ID: 0x720db82e6ae3132de241c4190b7f72585d5fc2f1364519e814d51f3ec29bf8c6
CLOB token IDs: ["38966153695292251303244152044268630330033580269266738868503907046849339108583", "7359117152396849276912471939244269631176254624751482772547064208568026511810"]
--------------------------------------------------------------------------------
Total markets fetched: 1000
Weather markets found: 1
================================================================================
ACTIVE WEATHER MARKETS FOUND
================================================================================
Question: Will Jonas Wind be the top goal scorer in the 2025–26 Bundesliga season?
Slug: will-jonas-wind-be-the-top-goal-scorer-in-the-202526-bundesliga-season
End date: 2026-05-28T00:00:00Z
Outcomes: ["Yes", "No"]
Outcome prices: ["0.0005", "0.9995"]
Best bid: None
Best ask: 0.001
Market ID: 577294
Condition ID: 0x720db82e6ae3132de241c4190b7f72585d5fc2f1364519e814d51f3ec29bf8c6
CLOB token IDs: ["38966153695292251303244152044268630330033580269266738868503907046849339108583", "7359117152396849276912471939244269631176254624751482772547064208568026511810"]
--------------------------------------------------------------------------------
Network/API error: HTTPSConnectionPool(host='gamma-api.polymarket.com', port=443): Max retries exceeded with url: /markets?active=true&closed=false&limit=1000 (Caused by SSLError(SSLCertVerificationError(1, "[SSL: CERTIFICATE_VERIFY_FAILED] certificate verify failed: Hostname mismatch, certificate is not valid for 'gamma-api.polymarket.com'. (_ssl.c:1000)")))
Total markets fetched: 1000
Weather markets found: 1
================================================================================
ACTIVE WEATHER MARKETS FOUND
================================================================================
Question: Will Jonas Wind be the top goal scorer in the 2025–26 Bundesliga season?
Slug: will-jonas-wind-be-the-top-goal-scorer-in-the-202526-bundesliga-season
End date: 2026-05-28T00:00:00Z
Outcomes: ["Yes", "No"]
Outcome prices: ["0.0005", "0.9995"]
Best bid: None
Best ask: 0.001
Market ID: 577294
Condition ID: 0x720db82e6ae3132de241c4190b7f72585d5fc2f1364519e814d51f3ec29bf8c6
CLOB token IDs: ["38966153695292251303244152044268630330033580269266738868503907046849339108583", "7359117152396849276912471939244269631176254624751482772547064208568026511810"]
--------------------------------------------------------------------------------
Total markets fetched: 1000
Weather markets found: 1
================================================================================
ACTIVE WEATHER MARKETS FOUND
================================================================================
Question: Will Jonas Wind be the top goal scorer in the 2025–26 Bundesliga season?
Slug: will-jonas-wind-be-the-top-goal-scorer-in-the-202526-bundesliga-season
End date: 2026-05-28T00:00:00Z
Outcomes: ["Yes", "No"]
Outcome prices: ["0.0005", "0.9995"]
Best bid: None
Best ask: 0.001
Market ID: 577294
Condition ID: 0x720db82e6ae3132de241c4190b7f72585d5fc2f1364519e814d51f3ec29bf8c6
CLOB token IDs: ["38966153695292251303244152044268630330033580269266738868503907046849339108583", "7359117152396849276912471939244269631176254624751482772547064208568026511810"]
--------------------------------------------------------------------------------
Network/API error: HTTPSConnectionPool(host='gamma-api.polymarket.com', port=443): Max retries exceeded with url: /markets?active=true&closed=false&limit=1000 (Caused by SSLError(SSLCertVerificationError(1, "[SSL: CERTIFICATE_VERIFY_FAILED] certificate verify failed: Hostname mismatch, certificate is not valid for 'gamma-api.polymarket.com'. (_ssl.c:1000)")))
Total markets fetched: 1000
Weather markets found: 1
================================================================================
ACTIVE WEATHER MARKETS FOUND
================================================================================
Question: Will Jonas Wind be the top goal scorer in the 2025–26 Bundesliga season?
Slug: will-jonas-wind-be-the-top-goal-scorer-in-the-202526-bundesliga-season
End date: 2026-05-28T00:00:00Z
Outcomes: ["Yes", "No"]
Outcome prices: ["0.0005", "0.9995"]
Best bid: None
Best ask: 0.001
Market ID: 577294
Condition ID: 0x720db82e6ae3132de241c4190b7f72585d5fc2f1364519e814d51f3ec29bf8c6
CLOB token IDs: ["38966153695292251303244152044268630330033580269266738868503907046849339108583", "7359117152396849276912471939244269631176254624751482772547064208568026511810"]
--------------------------------------------------------------------------------
Total markets fetched: 1000
Weather markets found: 1
================================================================================
ACTIVE WEATHER MARKETS FOUND
================================================================================
Question: Will Jonas Wind be the top goal scorer in the 2025–26 Bundesliga season?
Slug: will-jonas-wind-be-the-top-goal-scorer-in-the-202526-bundesliga-season
End date: 2026-05-28T00:00:00Z
Outcomes: ["Yes", "No"]
Outcome prices: ["0.0005", "0.9995"]
Best bid: None
Best ask: 0.001
Market ID: 577294
Condition ID: 0x720db82e6ae3132de241c4190b7f72585d5fc2f1364519e814d51f3ec29bf8c6
CLOB token IDs: ["38966153695292251303244152044268630330033580269266738868503907046849339108583", "7359117152396849276912471939244269631176254624751482772547064208568026511810"]
--------------------------------------------------------------------------------
Total markets fetched: 1000
Weather markets found: 1
================================================================================
ACTIVE WEATHER MARKETS FOUND
================================================================================
Question: Will Jonas Wind be the top goal scorer in the 2025–26 Bundesliga season?
Slug: will-jonas-wind-be-the-top-goal-scorer-in-the-202526-bundesliga-season
End date: 2026-05-28T00:00:00Z
Outcomes: ["Yes", "No"]
Outcome prices: ["0.0005", "0.9995"]
Best bid: None
Best ask: 0.001
Market ID: 577294
Condition ID: 0x720db82e6ae3132de241c4190b7f72585d5fc2f1364519e814d51f3ec29bf8c6
CLOB token IDs: ["38966153695292251303244152044268630330033580269266738868503907046849339108583", "7359117152396849276912471939244269631176254624751482772547064208568026511810"]
--------------------------------------------------------------------------------
