[2026-03-18 00:46:23] No active weather markets found
[2026-03-18 01:15:46] No active weather markets found
[2026-03-18 02:15:12] No active weather markets found
[2026-03-18 10:15:13] No active weather markets found
[2026-03-18 11:27:40] No active weather markets found
[2026-03-18 12:16:21] No active weather markets found
[2026-03-18 13:15:11] No active weather markets found
[2026-03-18 14:15:26] No active weather markets found
[2026-03-18 15:15:06] No active weather markets found
[2026-03-18 16:15:09] No active weather markets found
[2026-03-18 17:15:07] No active weather markets found
[2026-03-18 18:15:09] No active weather markets found
[2026-03-18 22:15:24] No active weather markets found
[2026-03-18 23:15:10] No active weather markets found
[2026-03-19 00:15:09] No active weather markets found
[2026-03-19 01:15:05] No active weather markets found
[2026-03-19 14:15:10] No active weather markets found
[2026-03-19 15:15:12] No active weather markets found
[2026-03-19 16:15:10] No active weather markets found
[2026-03-19 17:15:06] No active weather markets found
[2026-03-19 18:15:09] No active weather markets found
[2026-03-19 20:15:05] No active weather markets found
[2026-03-19 21:15:04] No active weather markets found
[2026-03-19 22:05:05] No active weather markets found
[2026-03-19 23:05:08] No active weather markets found
[2026-03-20 00:05:06] No active weather markets found
[2026-03-20 14:05:25] No active weather markets found
[2026-03-20 15:05:16] No active weather markets found
[2026-03-20 16:05:03] Network/API error: HTTPSConnectionPool(host='gamma-api.polymarket.com', port=443): Max retries exceeded with url: /markets?active=true&closed=false&limit=1000 (Caused by SSLError(SSLCertVerificationError(1, "[SSL: CERTIFICATE_VERIFY_FAILED] certificate verify failed: Hostname mismatch, certificate is not valid for 'gamma-api.polymarket.com'. (_ssl.c:1000)")))
[2026-03-21 10:05:05] No active weather markets found
[2026-03-22 10:05:09] No active weather markets found
[2026-03-23 15:05:32] No active weather markets found
[2026-03-23 16:05:11] No active weather markets found
[2026-03-24 10:05:08] No active weather markets found
[2026-03-24 11:05:09] No active weather markets found
[2026-03-25 09:05:05] No active weather markets found
[2026-03-25 10:05:08] No active weather markets found
[2026-03-27 09:05:13] No active weather markets found
[2026-03-28 09:05:10] No active weather markets found
[2026-03-28 10:05:13] No active weather markets found
[2026-03-29 01:05:10] No active weather markets found
[2026-03-29 11:05:13] No active weather markets found
[2026-03-30 12:05:08] No active weather markets found
[2026-03-31 11:05:09] No active weather markets found
[2026-04-01 14:05:14] No active weather markets found
[2026-04-02 12:05:14] No active weather markets found
[2026-04-02 20:05:13] No active weather markets found
[2026-04-02 21:05:18] No active weather markets found
[2026-04-02 22:05:08] No active weather markets found
[2026-04-02 23:05:15] No active weather markets found
[2026-04-03 00:05:13] No active weather markets found
[2026-04-03 10:05:22] No active weather markets found
[2026-04-03 11:05:11] No active weather markets found
[2026-04-04 10:05:12] No active weather markets found
[2026-04-05 11:05:13] No active weather markets found
[2026-04-07 11:06:02] No active weather markets found
[2026-04-07 12:05:12] No active weather markets found
[2026-04-08 18:05:12] Found 1 active weather market(s)
[2026-04-09 17:05:48] Found 1 active weather market(s)
[2026-04-09 19:06:14] Found 1 active weather market(s)
[2026-04-09 23:05:07] Found 1 active weather market(s)
[2026-04-10 00:06:14] Found 1 active weather market(s)
[2026-04-10 14:05:47] Found 1 active weather market(s)
[2026-04-10 20:05:11] Found 1 active weather market(s)
[2026-04-11 12:06:29] Found 1 active weather market(s)
[2026-04-11 13:05:11] Found 1 active weather market(s)
[2026-04-12 09:05:40] Found 1 active weather market(s)
[2026-04-13 09:05:13] Found 1 active weather market(s)
[2026-04-13 10:05:26] Found 1 active weather market(s)
[2026-04-13 11:05:29] Network/API error: HTTPSConnectionPool(host='gamma-api.polymarket.com', port=443): Max retries exceeded with url: /markets?active=true&closed=false&limit=1000 (Caused by NameResolutionError("HTTPSConnection(host='gamma-api.polymarket.com', port=443): Failed to resolve 'gamma-api.polymarket.com' ([Errno -3] Temporary failure in name resolution)"))
[2026-04-14 12:05:27] Found 1 active weather market(s)
[2026-04-15 11:05:13] Found 1 active weather market(s)
[2026-04-15 12:05:52] Found 1 active weather market(s)
[2026-04-16 10:05:23] Found 1 active weather market(s)
[2026-04-16 11:05:19] Found 1 active weather market(s)
[2026-04-17 07:05:11] Found 1 active weather market(s)
[2026-04-17 08:05:10] Found 1 active weather market(s)
[2026-04-17 09:05:15] Found 1 active weather market(s)
[2026-04-17 17:05:29] Found 1 active weather market(s)
[2026-04-18 11:11:25] Found 1 active weather market(s)
[2026-04-18 12:05:24] Found 1 active weather market(s)
[2026-04-19 00:06:25] Found 1 active weather market(s)
[2026-04-19 01:05:09] Found 1 active weather market(s)
[2026-04-19 09:05:20] Found 1 active weather market(s)
[2026-04-19 10:05:42] Found 1 active weather market(s)
[2026-04-19 11:05:42] Found 1 active weather market(s)
[2026-04-19 15:05:24] Found 1 active weather market(s)
[2026-04-19 21:05:14] Found 1 active weather market(s)
[2026-04-20 08:05:48] Found 1 active weather market(s)
[2026-04-22 11:05:09] Found 1 active weather market(s)
[2026-04-23 16:05:18] Found 1 active weather market(s)
[2026-04-24 07:05:17] Found 1 active weather market(s)
[2026-04-24 15:05:19] Found 1 active weather market(s)
[2026-04-24 21:05:11] Found 1 active weather market(s)
[2026-04-25 08:05:19] Found 1 active weather market(s)
[2026-04-25 11:05:14] Found 1 active weather market(s)
[2026-04-25 21:05:25] Found 1 active weather market(s)
[2026-04-26 09:05:23] Found 1 active weather market(s)
[2026-04-27 18:06:06] Network/API error: HTTPSConnectionPool(host='gamma-api.polymarket.com', port=443): Read timed out.
[2026-04-27 19:07:23] Found 1 active weather market(s)
[2026-04-27 20:08:20] Network/API error: HTTPSConnectionPool(host='gamma-api.polymarket.com', port=443): Max retries exceeded with url: /markets?active=true&closed=false&limit=1000 (Caused by SSLError(SSLEOFError(8, 'EOF occurred in violation of protocol (_ssl.c:2406)')))
[2026-04-27 21:11:21] Found 1 active weather market(s)
[2026-04-27 22:05:52] Found 1 active weather market(s)
[2026-04-27 23:05:33] Found 1 active weather market(s)
[2026-04-28 00:05:24] Found 1 active weather market(s)
[2026-04-28 06:09:38] Found 1 active weather market(s)
[2026-04-28 07:05:34] Found 1 active weather market(s)
[2026-04-28 08:06:45] Found 1 active weather market(s)
[2026-04-28 16:07:19] Found 1 active weather market(s)
[2026-04-28 17:05:16] Found 1 active weather market(s)
[2026-04-28 18:05:13] Network/API error: HTTPSConnectionPool(host='gamma-api.polymarket.com', port=443): Max retries exceeded with url: /markets?active=true&closed=false&limit=1000 (Caused by NameResolutionError("HTTPSConnection(host='gamma-api.polymarket.com', port=443): Failed to resolve 'gamma-api.polymarket.com' ([Errno -3] Temporary failure in name resolution)"))
[2026-04-28 19:08:18] Found 1 active weather market(s)
[2026-04-29 11:05:19] Found 1 active weather market(s)
[2026-04-29 12:05:34] Found 1 active weather market(s)
[2026-04-29 13:05:19] Found 1 active weather market(s)
[2026-04-29 14:05:09] Network/API error: HTTPSConnectionPool(host='gamma-api.polymarket.com', port=443): Max retries exceeded with url: /markets?active=true&closed=false&limit=1000 (Caused by SSLError(SSLCertVerificationError(1, "[SSL: CERTIFICATE_VERIFY_FAILED] certificate verify failed: Hostname mismatch, certificate is not valid for 'gamma-api.polymarket.com'. (_ssl.c:1000)")))
[2026-04-29 15:10:54] Found 1 active weather market(s)
[2026-04-29 17:05:13] Found 1 active weather market(s)
[2026-04-29 20:06:20] Network/API error: HTTPSConnectionPool(host='gamma-api.polymarket.com', port=443): Max retries exceeded with url: /markets?active=true&closed=false&limit=1000 (Caused by SSLError(SSLCertVerificationError(1, "[SSL: CERTIFICATE_VERIFY_FAILED] certificate verify failed: Hostname mismatch, certificate is not valid for 'gamma-api.polymarket.com'. (_ssl.c:1000)")))
[2026-04-30 11:05:20] Found 1 active weather market(s)
[2026-04-30 12:05:09] Found 1 active weather market(s)
[2026-04-30 16:05:13] Found 1 active weather market(s)
