================================================================================
PERFORMANCE SNAPSHOT SAVED
================================================================================
Total trades            : 7
Wins                    : 7
Losses                  : 0
Pending                 : 0
Win rate %              : 100.0
Total PnL %             : 260.0
Final bankroll          : 1062.81
Bankroll return %       : 6.28

Saved snapshot to data/kalshi_performance_snapshots.csv
================================================================================
PERFORMANCE SNAPSHOT SAVED
================================================================================
Total trades            : 7
Wins                    : 7
Losses                  : 0
Pending                 : 0
Win rate %              : 100.0
Total PnL %             : 260.0
Final bankroll          : 1062.81
Bankroll return %       : 6.28

Saved snapshot to data/kalshi_performance_snapshots.csv
================================================================================
PERFORMANCE SNAPSHOT SAVED
================================================================================
Total trades            : 7
Wins                    : 7
Losses                  : 0
Pending                 : 0
Win rate %              : 100.0
Total PnL %             : 260.0
Final bankroll          : 1062.81
Bankroll return %       : 6.28

Saved snapshot to data/kalshi_performance_snapshots.csv
================================================================================
PERFORMANCE SNAPSHOT SAVED
================================================================================
Total trades            : 7
Wins                    : 7
Losses                  : 0
Pending                 : 0
Win rate %              : 100.0
Total PnL %             : 260.0
Final bankroll          : 1062.81
Bankroll return %       : 6.28

Saved snapshot to data/kalshi_performance_snapshots.csv
================================================================================
PERFORMANCE SNAPSHOT SAVED
================================================================================
Total trades            : 7
Wins                    : 7
Losses                  : 0
Pending                 : 0
Win rate %              : 100.0
Total PnL %             : 260.0
Final bankroll          : 1062.81
Bankroll return %       : 6.28

Saved snapshot to data/kalshi_performance_snapshots.csv
================================================================================
PERFORMANCE SNAPSHOT SAVED
================================================================================
Total trades            : 7
Wins                    : 7
Losses                  : 0
Pending                 : 0
Win rate %              : 100.0
Total PnL %             : 260.0
Final bankroll          : 1062.81
Bankroll return %       : 6.28

Saved snapshot to data/kalshi_performance_snapshots.csv
================================================================================
PERFORMANCE SNAPSHOT SAVED
================================================================================
Total trades            : 7
Wins                    : 7
Losses                  : 0
Pending                 : 0
Win rate %              : 100.0
Total PnL %             : 260.0
Final bankroll          : 1062.81
Bankroll return %       : 6.28

Saved snapshot to data/kalshi_performance_snapshots.csv
================================================================================
PERFORMANCE SNAPSHOT SAVED
================================================================================
Total trades            : 7
Wins                    : 7
Losses                  : 0
Pending                 : 0
Win rate %              : 100.0
Total PnL %             : 260.0
Final bankroll          : 1062.81
Bankroll return %       : 6.28

Saved snapshot to data/kalshi_performance_snapshots.csv
================================================================================
PERFORMANCE SNAPSHOT SAVED
================================================================================
Total trades            : 7
Wins                    : 7
Losses                  : 0
Pending                 : 0
Win rate %              : 100.0
Total PnL %             : 260.0
Final bankroll          : 1062.81
Bankroll return %       : 6.28

Saved snapshot to data/kalshi_performance_snapshots.csv
================================================================================
PERFORMANCE SNAPSHOT SAVED
================================================================================
Total trades            : 7
Wins                    : 7
Losses                  : 0
Pending                 : 0
Win rate %              : 100.0
Total PnL %             : 260.0
Final bankroll          : 1062.81
Bankroll return %       : 6.28

Saved snapshot to data/kalshi_performance_snapshots.csv
================================================================================
PERFORMANCE SNAPSHOT SAVED
================================================================================
Total trades            : 7
Wins                    : 7
Losses                  : 0
Pending                 : 0
Win rate %              : 100.0
Total PnL %             : 260.0
Final bankroll          : 1062.81
Bankroll return %       : 6.28

Saved snapshot to data/kalshi_performance_snapshots.csv
================================================================================
PERFORMANCE SNAPSHOT SAVED
================================================================================
Total trades            : 7
Wins                    : 7
Losses                  : 0
Pending                 : 0
Win rate %              : 100.0
Total PnL %             : 260.0
Final bankroll          : 1062.81
Bankroll return %       : 6.28

Saved snapshot to data/kalshi_performance_snapshots.csv
================================================================================
PERFORMANCE SNAPSHOT SAVED
================================================================================
Total trades            : 7
Wins                    : 7
Losses                  : 0
Pending                 : 0
Win rate %              : 100.0
Total PnL %             : 260.0
Final bankroll          : 1062.81
Bankroll return %       : 6.28

Saved snapshot to data/kalshi_performance_snapshots.csv
================================================================================
PERFORMANCE SNAPSHOT SAVED
================================================================================
Total trades            : 7
Wins                    : 7
Losses                  : 0
Pending                 : 0
Win rate %              : 100.0
Total PnL %             : 260.0
Final bankroll          : 1062.81
Bankroll return %       : 6.28

Saved snapshot to data/kalshi_performance_snapshots.csv
================================================================================
PERFORMANCE SNAPSHOT SAVED
================================================================================
Total trades            : 21
Wins                    : 7
Losses                  : 0
Pending                 : 0
Win rate %              : 100.0
Total PnL %             : 260.0
Final bankroll          : 1000.0
Bankroll return %       : 0.0

Saved snapshot to data/kalshi_performance_snapshots.csv
================================================================================
PERFORMANCE SNAPSHOT SAVED
================================================================================
Total trades            : 21
Wins                    : 7
Losses                  : 0
Pending                 : 0
Win rate %              : 100.0
Total PnL %             : 260.0
Final bankroll          : 1000.0
Bankroll return %       : 0.0

Saved snapshot to data/kalshi_performance_snapshots.csv
================================================================================
PERFORMANCE SNAPSHOT SAVED
================================================================================
Total trades            : 32
Wins                    : 7
Losses                  : 0
Pending                 : 0
Win rate %              : 100.0
Total PnL %             : 260.0
Final bankroll          : 1000.0
Bankroll return %       : 0.0

Saved snapshot to data/kalshi_performance_snapshots.csv
================================================================================
PERFORMANCE SNAPSHOT SAVED
================================================================================
Total trades            : 64
Wins                    : 7
Losses                  : 0
Pending                 : 0
Win rate %              : 100.0
Total PnL %             : 260.0
Final bankroll          : 1000.0
Bankroll return %       : 0.0

Saved snapshot to data/kalshi_performance_snapshots.csv
================================================================================
PERFORMANCE SNAPSHOT SAVED
================================================================================
Total trades            : 43
Wins                    : 8
Losses                  : 6
Pending                 : 29
Win rate %              : 57.14
Total PnL %             : 0.0
Final bankroll          : 1000.0
Bankroll return %       : 0.0

Saved snapshot to data/kalshi_performance_snapshots.csv
================================================================================
PERFORMANCE SNAPSHOT SAVED
================================================================================
Total trades            : 41
Wins                    : 13
Losses                  : 11
Pending                 : 17
Win rate %              : 54.17
Total PnL %             : 0.0
Final bankroll          : 1000.0
Bankroll return %       : 0.0

Saved snapshot to data/kalshi_performance_snapshots.csv
================================================================================
PERFORMANCE SNAPSHOT SAVED
================================================================================
Total trades            : 69
Wins                    : 14
Losses                  : 13
Pending                 : 41
Win rate %              : 51.85
Total PnL %             : 0.0
Final bankroll          : 1000.0
Bankroll return %       : 0.0

Saved snapshot to data/kalshi_performance_snapshots.csv
================================================================================
PERFORMANCE SNAPSHOT SAVED
================================================================================
Total trades            : 66
Wins                    : 30
Losses                  : 24
Pending                 : 11
Win rate %              : 55.56
Total PnL %             : 0.0
Final bankroll          : 1000.0
Bankroll return %       : 0.0

Saved snapshot to data/kalshi_performance_snapshots.csv
================================================================================
PERFORMANCE SNAPSHOT SAVED
================================================================================
Total trades            : 78
Wins                    : 38
Losses                  : 27
Pending                 : 12
Win rate %              : 58.46
Total PnL %             : 0.0
Final bankroll          : 1000.0
Bankroll return %       : 0.0

Saved snapshot to data/kalshi_performance_snapshots.csv
================================================================================
PERFORMANCE SNAPSHOT SAVED
================================================================================
Total trades            : 78
Wins                    : 38
Losses                  : 27
Pending                 : 12
Win rate %              : 58.46
Total PnL %             : 0.0
Final bankroll          : 1000.0
Bankroll return %       : 0.0

Saved snapshot to data/kalshi_performance_snapshots.csv
================================================================================
PERFORMANCE SNAPSHOT SAVED
================================================================================
Total trades            : 83
Wins                    : 45
Losses                  : 32
Pending                 : 5
Win rate %              : 58.44
Total PnL %             : 0.0
Final bankroll          : 1000.0
Bankroll return %       : 0.0

Saved snapshot to data/kalshi_performance_snapshots.csv
================================================================================
PERFORMANCE SNAPSHOT SAVED
================================================================================
Total trades            : 83
Wins                    : 45
Losses                  : 32
Pending                 : 5
Win rate %              : 58.44
Total PnL %             : 0.0
Final bankroll          : 1000.0
Bankroll return %       : 0.0

Saved snapshot to data/kalshi_performance_snapshots.csv
================================================================================
PERFORMANCE SNAPSHOT SAVED
================================================================================
Total trades            : 83
Wins                    : 45
Losses                  : 32
Pending                 : 5
Win rate %              : 58.44
Total PnL %             : 0.0
Final bankroll          : 1000.0
Bankroll return %       : 0.0

Saved snapshot to data/kalshi_performance_snapshots.csv
================================================================================
PERFORMANCE SNAPSHOT SAVED
================================================================================
Total trades            : 83
Wins                    : 45
Losses                  : 32
Pending                 : 5
Win rate %              : 58.44
Total PnL %             : 0.0
Final bankroll          : 1000.0
Bankroll return %       : 0.0

Saved snapshot to data/kalshi_performance_snapshots.csv
================================================================================
PERFORMANCE SNAPSHOT SAVED
================================================================================
Total trades            : 83
Wins                    : 45
Losses                  : 32
Pending                 : 5
Win rate %              : 58.44
Total PnL %             : 0.0
Final bankroll          : 1000.0
Bankroll return %       : 0.0

Saved snapshot to data/kalshi_performance_snapshots.csv
================================================================================
PERFORMANCE SNAPSHOT SAVED
================================================================================
Total trades            : 83
Wins                    : 45
Losses                  : 32
Pending                 : 5
Win rate %              : 58.44
Total PnL %             : 0.0
Final bankroll          : 1000.0
Bankroll return %       : 0.0

Saved snapshot to data/kalshi_performance_snapshots.csv
================================================================================
PERFORMANCE SNAPSHOT SAVED
================================================================================
Total trades            : 87
Wins                    : 48
Losses                  : 34
Pending                 : 4
Win rate %              : 58.54
Total PnL %             : 0.0
Final bankroll          : 1000.0
Bankroll return %       : 0.0

Saved snapshot to data/kalshi_performance_snapshots.csv
================================================================================
PERFORMANCE SNAPSHOT SAVED
================================================================================
Total trades            : 94
Wins                    : 51
Losses                  : 35
Pending                 : 7
Win rate %              : 59.3
Total PnL %             : 0.0
Final bankroll          : 1000.0
Bankroll return %       : 0.0

Saved snapshot to data/kalshi_performance_snapshots.csv
================================================================================
PERFORMANCE SNAPSHOT SAVED
================================================================================
Total trades            : 94
Wins                    : 51
Losses                  : 35
Pending                 : 7
Win rate %              : 59.3
Total PnL %             : 0.0
Final bankroll          : 1000.0
Bankroll return %       : 0.0

Saved snapshot to data/kalshi_performance_snapshots.csv
================================================================================
PERFORMANCE SNAPSHOT SAVED
================================================================================
Total trades            : 111
Wins                    : 63
Losses                  : 38
Pending                 : 9
Win rate %              : 62.38
Total PnL %             : 0.0
Final bankroll          : 1000.0
Bankroll return %       : 0.0

Saved snapshot to data/kalshi_performance_snapshots.csv
================================================================================
PERFORMANCE SNAPSHOT SAVED
================================================================================
Total trades            : 111
Wins                    : 70
Losses                  : 40
Pending                 : 0
Win rate %              : 63.64
Total PnL %             : 0.0
Final bankroll          : 1000.0
Bankroll return %       : 0.0

Saved snapshot to data/kalshi_performance_snapshots.csv
================================================================================
PERFORMANCE SNAPSHOT SAVED
================================================================================
Total trades            : 111
Wins                    : 70
Losses                  : 40
Pending                 : 0
Win rate %              : 63.64
Total PnL %             : 0.0
Final bankroll          : 1000.0
Bankroll return %       : 0.0

Saved snapshot to data/kalshi_performance_snapshots.csv
================================================================================
PERFORMANCE SNAPSHOT SAVED
================================================================================
Total trades            : 111
Wins                    : 70
Losses                  : 40
Pending                 : 0
Win rate %              : 63.64
Total PnL %             : 0.0
Final bankroll          : 1000.0
Bankroll return %       : 0.0

Saved snapshot to data/kalshi_performance_snapshots.csv
================================================================================
PERFORMANCE SNAPSHOT SAVED
================================================================================
Total trades            : 111
Wins                    : 70
Losses                  : 40
Pending                 : 0
Win rate %              : 63.64
Total PnL %             : 0.0
Final bankroll          : 1000.0
Bankroll return %       : 0.0

Saved snapshot to data/kalshi_performance_snapshots.csv
================================================================================
PERFORMANCE SNAPSHOT SAVED
================================================================================
Total trades            : 111
Wins                    : 70
Losses                  : 40
Pending                 : 0
Win rate %              : 63.64
Total PnL %             : 0.0
Final bankroll          : 1000.0
Bankroll return %       : 0.0

Saved snapshot to data/kalshi_performance_snapshots.csv
================================================================================
PERFORMANCE SNAPSHOT SAVED
================================================================================
Total trades            : 111
Wins                    : 70
Losses                  : 40
Pending                 : 0
Win rate %              : 63.64
Total PnL %             : 0.0
Final bankroll          : 1000.0
Bankroll return %       : 0.0

Saved snapshot to data/kalshi_performance_snapshots.csv
================================================================================
PERFORMANCE SNAPSHOT SAVED
================================================================================
Total trades            : 111
Wins                    : 70
Losses                  : 40
Pending                 : 0
Win rate %              : 63.64
Total PnL %             : 0.0
Final bankroll          : 1000.0
Bankroll return %       : 0.0

Saved snapshot to data/kalshi_performance_snapshots.csv
================================================================================
PERFORMANCE SNAPSHOT SAVED
================================================================================
Total trades            : 111
Wins                    : 70
Losses                  : 40
Pending                 : 0
Win rate %              : 63.64
Total PnL %             : 0.0
Final bankroll          : 1000.0
Bankroll return %       : 0.0

Saved snapshot to data/kalshi_performance_snapshots.csv
================================================================================
PERFORMANCE SNAPSHOT SAVED
================================================================================
Total trades            : 111
Wins                    : 70
Losses                  : 40
Pending                 : 0
Win rate %              : 63.64
Total PnL %             : 0.0
Final bankroll          : 1000.0
Bankroll return %       : 0.0

Saved snapshot to data/kalshi_performance_snapshots.csv
================================================================================
PERFORMANCE SNAPSHOT SAVED
================================================================================
Total trades            : 12
Wins                    : 0
Losses                  : 0
Pending                 : 0
Win rate %              : 0.0
Total PnL %             : 0.0
Final bankroll          : 1000.0
Bankroll return %       : 0.0

Saved snapshot to data/kalshi_performance_snapshots.csv
================================================================================
PERFORMANCE SNAPSHOT SAVED
================================================================================
Total trades            : 12
Wins                    : 0
Losses                  : 0
Pending                 : 0
Win rate %              : 0.0
Total PnL %             : 0.0
Final bankroll          : 1000.0
Bankroll return %       : 0.0

Saved snapshot to data/kalshi_performance_snapshots.csv
================================================================================
PERFORMANCE SNAPSHOT SAVED
================================================================================
Total trades            : 12
Wins                    : 0
Losses                  : 0
Pending                 : 0
Win rate %              : 0.0
Total PnL %             : 0.0
Final bankroll          : 1000.0
Bankroll return %       : 0.0

Saved snapshot to data/kalshi_performance_snapshots.csv
================================================================================
PERFORMANCE SNAPSHOT SAVED
================================================================================
Total trades            : 39
Wins                    : 0
Losses                  : 0
Pending                 : 0
Win rate %              : 0.0
Total PnL %             : 0.0
Final bankroll          : 1000.0
Bankroll return %       : 0.0

Saved snapshot to data/kalshi_performance_snapshots.csv
================================================================================
PERFORMANCE SNAPSHOT SAVED
================================================================================
Total trades            : 39
Wins                    : 0
Losses                  : 0
Pending                 : 0
Win rate %              : 0.0
Total PnL %             : 0.0
Final bankroll          : 1000.0
Bankroll return %       : 0.0

Saved snapshot to data/kalshi_performance_snapshots.csv
================================================================================
PERFORMANCE SNAPSHOT SAVED
================================================================================
Total trades            : 32
Wins                    : 0
Losses                  : 0
Pending                 : 0
Win rate %              : 0.0
Total PnL %             : 0.0
Final bankroll          : 1000.0
Bankroll return %       : 0.0

Saved snapshot to data/kalshi_performance_snapshots.csv
================================================================================
PERFORMANCE SNAPSHOT SAVED
================================================================================
Total trades            : 38
Wins                    : 0
Losses                  : 0
Pending                 : 0
Win rate %              : 0.0
Total PnL %             : 0.0
Final bankroll          : 1000.0
Bankroll return %       : 0.0

Saved snapshot to data/kalshi_performance_snapshots.csv
================================================================================
PERFORMANCE SNAPSHOT SAVED
================================================================================
Total trades            : 38
Wins                    : 0
Losses                  : 0
Pending                 : 0
Win rate %              : 0.0
Total PnL %             : 0.0
Final bankroll          : 1000.0
Bankroll return %       : 0.0

Saved snapshot to data/kalshi_performance_snapshots.csv
================================================================================
PERFORMANCE SNAPSHOT SAVED
================================================================================
Total trades            : 45
Wins                    : 0
Losses                  : 0
Pending                 : 0
Win rate %              : 0.0
Total PnL %             : 0.0
Final bankroll          : 1000.0
Bankroll return %       : 0.0

Saved snapshot to data/kalshi_performance_snapshots.csv
================================================================================
PERFORMANCE SNAPSHOT SAVED
================================================================================
Total trades            : 45
Wins                    : 0
Losses                  : 0
Pending                 : 0
Win rate %              : 0.0
Total PnL %             : 0.0
Final bankroll          : 1000.0
Bankroll return %       : 0.0

Saved snapshot to data/kalshi_performance_snapshots.csv
================================================================================
PERFORMANCE SNAPSHOT SAVED
================================================================================
Total trades            : 53
Wins                    : 0
Losses                  : 0
Pending                 : 0
Win rate %              : 0.0
Total PnL %             : 0.0
Final bankroll          : 1000.0
Bankroll return %       : 0.0

Saved snapshot to data/kalshi_performance_snapshots.csv
================================================================================
PERFORMANCE SNAPSHOT SAVED
================================================================================
Total trades            : 53
Wins                    : 0
Losses                  : 0
Pending                 : 0
Win rate %              : 0.0
Total PnL %             : 0.0
Final bankroll          : 1000.0
Bankroll return %       : 0.0

Saved snapshot to data/kalshi_performance_snapshots.csv
================================================================================
PERFORMANCE SNAPSHOT SAVED
================================================================================
Total trades            : 53
Wins                    : 0
Losses                  : 0
Pending                 : 0
Win rate %              : 0.0
Total PnL %             : 0.0
Final bankroll          : 1000.0
Bankroll return %       : 0.0

Saved snapshot to data/kalshi_performance_snapshots.csv
================================================================================
PERFORMANCE SNAPSHOT SAVED
================================================================================
Total trades            : 53
Wins                    : 0
Losses                  : 0
Pending                 : 0
Win rate %              : 0.0
Total PnL %             : 0.0
Final bankroll          : 1000.0
Bankroll return %       : 0.0

Saved snapshot to data/kalshi_performance_snapshots.csv
================================================================================
PERFORMANCE SNAPSHOT SAVED
================================================================================
Total trades            : 53
Wins                    : 0
Losses                  : 0
Pending                 : 0
Win rate %              : 0.0
Total PnL %             : 0.0
Final bankroll          : 1000.0
Bankroll return %       : 0.0

Saved snapshot to data/kalshi_performance_snapshots.csv
================================================================================
PERFORMANCE SNAPSHOT SAVED
================================================================================
Total trades            : 53
Wins                    : 0
Losses                  : 0
Pending                 : 0
Win rate %              : 0.0
Total PnL %             : 0.0
Final bankroll          : 1000.0
Bankroll return %       : 0.0

Saved snapshot to data/kalshi_performance_snapshots.csv
================================================================================
PERFORMANCE SNAPSHOT SAVED
================================================================================
Total trades            : 53
Wins                    : 0
Losses                  : 0
Pending                 : 0
Win rate %              : 0.0
Total PnL %             : 0.0
Final bankroll          : 1000.0
Bankroll return %       : 0.0

Saved snapshot to data/kalshi_performance_snapshots.csv
================================================================================
PERFORMANCE SNAPSHOT SAVED
================================================================================
Total trades            : 53
Wins                    : 0
Losses                  : 0
Pending                 : 0
Win rate %              : 0.0
Total PnL %             : 0.0
Final bankroll          : 1000.0
Bankroll return %       : 0.0

Saved snapshot to data/kalshi_performance_snapshots.csv
================================================================================
PERFORMANCE SNAPSHOT SAVED
================================================================================
Total trades            : 53
Wins                    : 0
Losses                  : 0
Pending                 : 0
Win rate %              : 0.0
Total PnL %             : 0.0
Final bankroll          : 1000.0
Bankroll return %       : 0.0

Saved snapshot to data/kalshi_performance_snapshots.csv
================================================================================
PERFORMANCE SNAPSHOT SAVED
================================================================================
Total trades            : 53
Wins                    : 0
Losses                  : 0
Pending                 : 0
Win rate %              : 0.0
Total PnL %             : 0.0
Final bankroll          : 1000.0
Bankroll return %       : 0.0

Saved snapshot to data/kalshi_performance_snapshots.csv
================================================================================
PERFORMANCE SNAPSHOT SAVED
================================================================================
Total trades            : 53
Wins                    : 0
Losses                  : 0
Pending                 : 0
Win rate %              : 0.0
Total PnL %             : 0.0
Final bankroll          : 1000.0
Bankroll return %       : 0.0

Saved snapshot to data/kalshi_performance_snapshots.csv
================================================================================
PERFORMANCE SNAPSHOT SAVED
================================================================================
Total trades            : 53
Wins                    : 0
Losses                  : 0
Pending                 : 0
Win rate %              : 0.0
Total PnL %             : 0.0
Final bankroll          : 1000.0
Bankroll return %       : 0.0

Saved snapshot to data/kalshi_performance_snapshots.csv
================================================================================
PERFORMANCE SNAPSHOT SAVED
================================================================================
Total trades            : 53
Wins                    : 0
Losses                  : 0
Pending                 : 0
Win rate %              : 0.0
Total PnL %             : 0.0
Final bankroll          : 1000.0
Bankroll return %       : 0.0

Saved snapshot to data/kalshi_performance_snapshots.csv
================================================================================
PERFORMANCE SNAPSHOT SAVED
================================================================================
Total trades            : 53
Wins                    : 0
Losses                  : 0
Pending                 : 0
Win rate %              : 0.0
Total PnL %             : 0.0
Final bankroll          : 1000.0
Bankroll return %       : 0.0

Saved snapshot to data/kalshi_performance_snapshots.csv
================================================================================
PERFORMANCE SNAPSHOT SAVED
================================================================================
Total trades            : 53
Wins                    : 0
Losses                  : 0
Pending                 : 0
Win rate %              : 0.0
Total PnL %             : 0.0
Final bankroll          : 1000.0
Bankroll return %       : 0.0

Saved snapshot to data/kalshi_performance_snapshots.csv
================================================================================
PERFORMANCE SNAPSHOT SAVED
================================================================================
Total trades            : 53
Wins                    : 0
Losses                  : 0
Pending                 : 0
Win rate %              : 0.0
Total PnL %             : 0.0
Final bankroll          : 1000.0
Bankroll return %       : 0.0

Saved snapshot to data/kalshi_performance_snapshots.csv
================================================================================
PERFORMANCE SNAPSHOT SAVED
================================================================================
Total trades            : 53
Wins                    : 0
Losses                  : 0
Pending                 : 0
Win rate %              : 0.0
Total PnL %             : 0.0
Final bankroll          : 1000.0
Bankroll return %       : 0.0

Saved snapshot to data/kalshi_performance_snapshots.csv
================================================================================
PERFORMANCE SNAPSHOT SAVED
================================================================================
Total trades            : 53
Wins                    : 0
Losses                  : 0
Pending                 : 0
Win rate %              : 0.0
Total PnL %             : 0.0
Final bankroll          : 1000.0
Bankroll return %       : 0.0

Saved snapshot to data/kalshi_performance_snapshots.csv
================================================================================
PERFORMANCE SNAPSHOT SAVED
================================================================================
Total trades            : 53
Wins                    : 0
Losses                  : 0
Pending                 : 0
Win rate %              : 0.0
Total PnL %             : 0.0
Final bankroll          : 1000.0
Bankroll return %       : 0.0

Saved snapshot to data/kalshi_performance_snapshots.csv
================================================================================
PERFORMANCE SNAPSHOT SAVED
================================================================================
Total trades            : 53
Wins                    : 0
Losses                  : 0
Pending                 : 0
Win rate %              : 0.0
Total PnL %             : 0.0
Final bankroll          : 1000.0
Bankroll return %       : 0.0

Saved snapshot to data/kalshi_performance_snapshots.csv
================================================================================
PERFORMANCE SNAPSHOT SAVED
================================================================================
Total trades            : 53
Wins                    : 0
Losses                  : 0
Pending                 : 0
Win rate %              : 0.0
Total PnL %             : 0.0
Final bankroll          : 1000.0
Bankroll return %       : 0.0

Saved snapshot to data/kalshi_performance_snapshots.csv
================================================================================
PERFORMANCE SNAPSHOT SAVED
================================================================================
Total trades            : 53
Wins                    : 0
Losses                  : 0
Pending                 : 0
Win rate %              : 0.0
Total PnL %             : 0.0
Final bankroll          : 1000.0
Bankroll return %       : 0.0

Saved snapshot to data/kalshi_performance_snapshots.csv
================================================================================
PERFORMANCE SNAPSHOT SAVED
================================================================================
Total trades            : 53
Wins                    : 0
Losses                  : 0
Pending                 : 0
Win rate %              : 0.0
Total PnL %             : 0.0
Final bankroll          : 1000.0
Bankroll return %       : 0.0

Saved snapshot to data/kalshi_performance_snapshots.csv
================================================================================
PERFORMANCE SNAPSHOT SAVED
================================================================================
Total trades            : 53
Wins                    : 0
Losses                  : 0
Pending                 : 0
Win rate %              : 0.0
Total PnL %             : 0.0
Final bankroll          : 1000.0
Bankroll return %       : 0.0

Saved snapshot to data/kalshi_performance_snapshots.csv
================================================================================
PERFORMANCE SNAPSHOT SAVED
================================================================================
Total trades            : 53
Wins                    : 0
Losses                  : 0
Pending                 : 0
Win rate %              : 0.0
Total PnL %             : 0.0
Final bankroll          : 1000.0
Bankroll return %       : 0.0

Saved snapshot to data/kalshi_performance_snapshots.csv
================================================================================
PERFORMANCE SNAPSHOT SAVED
================================================================================
Total trades            : 53
Wins                    : 0
Losses                  : 0
Pending                 : 0
Win rate %              : 0.0
Total PnL %             : 0.0
Final bankroll          : 1000.0
Bankroll return %       : 0.0

Saved snapshot to data/kalshi_performance_snapshots.csv
================================================================================
PERFORMANCE SNAPSHOT SAVED
================================================================================
Total trades            : 53
Wins                    : 0
Losses                  : 0
Pending                 : 0
Win rate %              : 0.0
Total PnL %             : 0.0
Final bankroll          : 1000.0
Bankroll return %       : 0.0

Saved snapshot to data/kalshi_performance_snapshots.csv
================================================================================
PERFORMANCE SNAPSHOT SAVED
================================================================================
Total trades            : 53
Wins                    : 0
Losses                  : 0
Pending                 : 0
Win rate %              : 0.0
Total PnL %             : 0.0
Final bankroll          : 1000.0
Bankroll return %       : 0.0

Saved snapshot to data/kalshi_performance_snapshots.csv
================================================================================
PERFORMANCE SNAPSHOT SAVED
================================================================================
Total trades            : 53
Wins                    : 0
Losses                  : 0
Pending                 : 0
Win rate %              : 0.0
Total PnL %             : 0.0
Final bankroll          : 1000.0
Bankroll return %       : 0.0

Saved snapshot to data/kalshi_performance_snapshots.csv
================================================================================
PERFORMANCE SNAPSHOT SAVED
================================================================================
Total trades            : 53
Wins                    : 0
Losses                  : 0
Pending                 : 0
Win rate %              : 0.0
Total PnL %             : 0.0
Final bankroll          : 1000.0
Bankroll return %       : 0.0

Saved snapshot to data/kalshi_performance_snapshots.csv
================================================================================
PERFORMANCE SNAPSHOT SAVED
================================================================================
Total trades            : 53
Wins                    : 0
Losses                  : 0
Pending                 : 0
Win rate %              : 0.0
Total PnL %             : 0.0
Final bankroll          : 1000.0
Bankroll return %       : 0.0

Saved snapshot to data/kalshi_performance_snapshots.csv
================================================================================
PERFORMANCE SNAPSHOT SAVED
================================================================================
Total trades            : 53
Wins                    : 0
Losses                  : 0
Pending                 : 0
Win rate %              : 0.0
Total PnL %             : 0.0
Final bankroll          : 1000.0
Bankroll return %       : 0.0

Saved snapshot to data/kalshi_performance_snapshots.csv
================================================================================
PERFORMANCE SNAPSHOT SAVED
================================================================================
Total trades            : 53
Wins                    : 0
Losses                  : 0
Pending                 : 0
Win rate %              : 0.0
Total PnL %             : 0.0
Final bankroll          : 1000.0
Bankroll return %       : 0.0

Saved snapshot to data/kalshi_performance_snapshots.csv
================================================================================
PERFORMANCE SNAPSHOT SAVED
================================================================================
Total trades            : 53
Wins                    : 0
Losses                  : 0
Pending                 : 0
Win rate %              : 0.0
Total PnL %             : 0.0
Final bankroll          : 1000.0
Bankroll return %       : 0.0

Saved snapshot to data/kalshi_performance_snapshots.csv
================================================================================
PERFORMANCE SNAPSHOT SAVED
================================================================================
Total trades            : 53
Wins                    : 0
Losses                  : 0
Pending                 : 0
Win rate %              : 0.0
Total PnL %             : 0.0
Final bankroll          : 1000.0
Bankroll return %       : 0.0

Saved snapshot to data/kalshi_performance_snapshots.csv
================================================================================
PERFORMANCE SNAPSHOT SAVED
================================================================================
Total trades            : 53
Wins                    : 0
Losses                  : 0
Pending                 : 0
Win rate %              : 0.0
Total PnL %             : 0.0
Final bankroll          : 1000.0
Bankroll return %       : 0.0

Saved snapshot to data/kalshi_performance_snapshots.csv
================================================================================
PERFORMANCE SNAPSHOT SAVED
================================================================================
Total trades            : 53
Wins                    : 0
Losses                  : 0
Pending                 : 0
Win rate %              : 0.0
Total PnL %             : 0.0
Final bankroll          : 1000.0
Bankroll return %       : 0.0

Saved snapshot to data/kalshi_performance_snapshots.csv
================================================================================
PERFORMANCE SNAPSHOT SAVED
================================================================================
Total trades            : 53
Wins                    : 0
Losses                  : 0
Pending                 : 0
Win rate %              : 0.0
Total PnL %             : 0.0
Final bankroll          : 1000.0
Bankroll return %       : 0.0

Saved snapshot to data/kalshi_performance_snapshots.csv
================================================================================
PERFORMANCE SNAPSHOT SAVED
================================================================================
Total trades            : 53
Wins                    : 0
Losses                  : 0
Pending                 : 0
Win rate %              : 0.0
Total PnL %             : 0.0
Final bankroll          : 1000.0
Bankroll return %       : 0.0

Saved snapshot to data/kalshi_performance_snapshots.csv
================================================================================
PERFORMANCE SNAPSHOT SAVED
================================================================================
Total trades            : 53
Wins                    : 0
Losses                  : 0
Pending                 : 0
Win rate %              : 0.0
Total PnL %             : 0.0
Final bankroll          : 1000.0
Bankroll return %       : 0.0

Saved snapshot to data/kalshi_performance_snapshots.csv
================================================================================
PERFORMANCE SNAPSHOT SAVED
================================================================================
Total trades            : 53
Wins                    : 0
Losses                  : 0
Pending                 : 0
Win rate %              : 0.0
Total PnL %             : 0.0
Final bankroll          : 1000.0
Bankroll return %       : 0.0

Saved snapshot to data/kalshi_performance_snapshots.csv
